{"C:\\Users\\LENOVO\\Desktop\\POC\\my-react-app\\src\\components\\HelloWorld.tsx": {"path":"C:\\Users\\LENOVO\\Desktop\\POC\\my-react-app\\src\\components\\HelloWorld.tsx","statementMap":{"0":{"start":{"line":5,"column":46},"end":{"line":7,"column":1}},"1":{"start":{"line":6,"column":2},"end":{"line":6,"column":33}},"2":{"start":{"line":9,"column":0},"end":{"line":9,"column":26}}},"fnMap":{"0":{"name":"(anonymous_0)","decl":{"start":{"line":5,"column":46},"end":{"line":5,"column":47}},"loc":{"start":{"line":5,"column":77},"end":{"line":7,"column":1}}}},"branchMap":{},"s":{"0":1,"1":1,"2":1},"f":{"0":1},"b":{}}
}
